<?xml version="1.0" encoding="UTF-8"?>
<testsuites name="Smoke Test Web" time="66.03" tests="3" failures="0" errors="0">
   <testsuite name="Smoke Test Web" tests="3" failures="0" errors="0" time="66.03" skipped="0" timestamp="2023-09-10 22:58:13" hostname="margaretta - localhost" id="Test Suites/Smoke Test Web">
      <properties>
         <property name="deviceName" value=""/>
         <property name="devicePlatform" value=""/>
         <property name="logFolder" value="/Users/margaretta/Katalon Studio/Web Banking Testing/Reports/20230910_225810/Smoke Test Web/20230910_225810"/>
         <property name="logFiles" value="/Users/margaretta/Katalon Studio/Web Banking Testing/Reports/20230910_225810/Smoke Test Web/20230910_225810/execution0.log"/>
         <property name="attachments" value=""/>
         <property name="hostName" value="margaretta - localhost"/>
         <property name="os" value="Mac OS X 64bit"/>
         <property name="katalonVersion" value="8.6.8.208"/>
         <property name="browser" value="Chrome 116.0.0.0"/>
         <property name="hostAddress" value="127.0.0.1"/>
         <property name="sessionId" value="9596307c00fa80a7e6a72261e0c89c57"/>
         <property name="seleniumVersion" value="3.141.59"/>
         <property name="proxyInformation" value="ProxyInformation { proxyOption=NO_PROXY, proxyServerType=HTTP, username=, password=********, proxyServerAddress=, proxyServerPort=0, executionList=&quot;&quot;, isApplyToDesiredCapabilities=true }"/>
         <property name="platform" value="Mac OS X"/>
      </properties>
      <testcase name="Test Cases/User can successfully login" time="16.746" classname="Test Cases/User can successfully login" status="PASSED">
         <system-out><![CDATA[2023-09-10 22:58:14 - [TEST_CASE][PASSED] - Test Cases/User can successfully login: Test Cases/User can successfully login

2023-09-10 22:58:14 - [TEST_STEP][PASSED] - openBrowser(""): Browser is opened with url: ''

2023-09-10 22:58:14 - [MESSAGE][INFO] - Starting 'Chrome' driver

2023-09-10 22:58:14 - [MESSAGE][INFO] - Action delay is set to 0 milliseconds

2023-09-10 22:58:23 - [MESSAGE][PASSED] - Browser is opened with url: ''

2023-09-10 22:58:23 - [TEST_STEP][PASSED] - navigateToUrl("https://www.globalsqa.com/angularJs-protractor/BankingProject/#/login"): Navigate to 'https://www.globalsqa.com/angularJs-protractor/BankingProject/#/login' successfully

2023-09-10 22:58:25 - [MESSAGE][PASSED] - Navigate to 'https://www.globalsqa.com/angularJs-protractor/BankingProject/#/login' successfully

2023-09-10 22:58:25 - [TEST_STEP][PASSED] - click(findTestObject("Object Repository/Page_XYZ Bank/button_Customer Login")): Object: 'Object Repository/Page_XYZ Bank/button_Customer Login' is clicked on

2023-09-10 22:58:26 - [MESSAGE][PASSED] - Object: 'Object Repository/Page_XYZ Bank/button_Customer Login' is clicked on

2023-09-10 22:58:26 - [TEST_STEP][PASSED] - selectOptionByValue(findTestObject("Object Repository/Page_XYZ Bank/select_---Your Name---       Hermoine Grang_6e895b"), "3", true): All options with value '3' are selected in object 'Object Repository/Page_XYZ Bank/select_---Your Name---       Hermoine Grang_6e895b'  using regular expression

2023-09-10 22:58:28 - [MESSAGE][PASSED] - All options with value '3' are selected in object 'Object Repository/Page_XYZ Bank/select_---Your Name---       Hermoine Grang_6e895b'  using regular expression

2023-09-10 22:58:28 - [TEST_STEP][PASSED] - click(findTestObject("Object Repository/Page_XYZ Bank/button_Login")): Object: 'Object Repository/Page_XYZ Bank/button_Login' is clicked on

2023-09-10 22:58:29 - [MESSAGE][PASSED] - Object: 'Object Repository/Page_XYZ Bank/button_Login' is clicked on

2023-09-10 22:58:29 - [TEST_STEP][PASSED] - verifyElementText(findTestObject("Object Repository/Page_XYZ Bank/strong_1007"), "1007"): Actual text and expected text of test object 'Object Repository/Page_XYZ Bank/strong_1007' are matched.

2023-09-10 22:58:30 - [MESSAGE][PASSED] - Actual text and expected text of test object 'Object Repository/Page_XYZ Bank/strong_1007' are matched.

2023-09-10 22:58:30 - [TEST_STEP][PASSED] - click(findTestObject("Object Repository/Page_XYZ Bank/span_Ron Weasly")): Object: 'Object Repository/Page_XYZ Bank/span_Ron Weasly' is clicked on

2023-09-10 22:58:30 - [MESSAGE][PASSED] - Object: 'Object Repository/Page_XYZ Bank/span_Ron Weasly' is clicked on

2023-09-10 22:58:30 - [TEST_STEP][PASSED] - verifyElementText(findTestObject("Object Repository/Page_XYZ Bank/span_Ron Weasly"), "Ron Weasly"): Actual text and expected text of test object 'Object Repository/Page_XYZ Bank/span_Ron Weasly' are matched.

2023-09-10 22:58:30 - [MESSAGE][PASSED] - Actual text and expected text of test object 'Object Repository/Page_XYZ Bank/span_Ron Weasly' are matched.

2023-09-10 22:58:30 - [TEST_STEP][PASSED] - closeBrowser(): Browser is closed

2023-09-10 22:58:30 - [MESSAGE][PASSED] - Browser is closed]]></system-out>
         <system-err><![CDATA[]]></system-err>
      </testcase>
      <testcase name="Test Cases/User can successfully deposit and withdraw money" time="28.163" classname="Test Cases/User can successfully deposit and withdraw money" status="PASSED">
         <system-out><![CDATA[2023-09-10 22:58:30 - [TEST_CASE][PASSED] - Test Cases/User can successfully deposit and withdraw money: Test Cases/User can successfully deposit and withdraw money

2023-09-10 22:58:31 - [TEST_STEP][PASSED] - openBrowser(""): Browser is opened with url: ''

2023-09-10 22:58:31 - [MESSAGE][INFO] - Starting 'Chrome' driver

2023-09-10 22:58:31 - [MESSAGE][INFO] - Action delay is set to 0 milliseconds

2023-09-10 22:58:35 - [MESSAGE][PASSED] - Browser is opened with url: ''

2023-09-10 22:58:36 - [TEST_STEP][PASSED] - navigateToUrl("https://www.globalsqa.com/angularJs-protractor/BankingProject/#/login"): Navigate to 'https://www.globalsqa.com/angularJs-protractor/BankingProject/#/login' successfully

2023-09-10 22:58:39 - [MESSAGE][PASSED] - Navigate to 'https://www.globalsqa.com/angularJs-protractor/BankingProject/#/login' successfully

2023-09-10 22:58:39 - [TEST_STEP][PASSED] - verifyElementText(findTestObject("Object Repository/Page_XYZ Bank/strong_XYZ Bank"), "XYZ Bank"): Actual text and expected text of test object 'Object Repository/Page_XYZ Bank/strong_XYZ Bank' are matched.

2023-09-10 22:58:40 - [MESSAGE][PASSED] - Actual text and expected text of test object 'Object Repository/Page_XYZ Bank/strong_XYZ Bank' are matched.

2023-09-10 22:58:40 - [TEST_STEP][PASSED] - click(findTestObject("Object Repository/Page_XYZ Bank/button_Customer Login")): Object: 'Object Repository/Page_XYZ Bank/button_Customer Login' is clicked on

2023-09-10 22:58:40 - [MESSAGE][PASSED] - Object: 'Object Repository/Page_XYZ Bank/button_Customer Login' is clicked on

2023-09-10 22:58:40 - [TEST_STEP][PASSED] - selectOptionByValue(findTestObject("Object Repository/Page_XYZ Bank/select_---Your Name---       Hermoine Grang_6e895b"), "3", true): All options with value '3' are selected in object 'Object Repository/Page_XYZ Bank/select_---Your Name---       Hermoine Grang_6e895b'  using regular expression

2023-09-10 22:58:42 - [MESSAGE][PASSED] - All options with value '3' are selected in object 'Object Repository/Page_XYZ Bank/select_---Your Name---       Hermoine Grang_6e895b'  using regular expression

2023-09-10 22:58:42 - [TEST_STEP][PASSED] - verifyElementPresent(findTestObject("Object Repository/Page_XYZ Bank/button_Login"), 0): Object 'Object Repository/Page_XYZ Bank/button_Login' is present

2023-09-10 22:58:42 - [MESSAGE][WARNING] - Timeout '0' is invalid. Using default page load timeout: '30'

2023-09-10 22:58:42 - [MESSAGE][PASSED] - Object 'Object Repository/Page_XYZ Bank/button_Login' is present

2023-09-10 22:58:42 - [TEST_STEP][PASSED] - click(findTestObject("Object Repository/Page_XYZ Bank/button_Login")): Object: 'Object Repository/Page_XYZ Bank/button_Login' is clicked on

2023-09-10 22:58:43 - [MESSAGE][PASSED] - Object: 'Object Repository/Page_XYZ Bank/button_Login' is clicked on

2023-09-10 22:58:43 - [TEST_STEP][PASSED] - verifyElementText(findTestObject("Object Repository/Page_XYZ Bank/strong_0"), "0"): Actual text and expected text of test object 'Object Repository/Page_XYZ Bank/strong_0' are matched.

2023-09-10 22:58:44 - [MESSAGE][PASSED] - Actual text and expected text of test object 'Object Repository/Page_XYZ Bank/strong_0' are matched.

2023-09-10 22:58:44 - [TEST_STEP][PASSED] - click(findTestObject("Object Repository/Page_XYZ Bank/button_Deposit")): Object: 'Object Repository/Page_XYZ Bank/button_Deposit' is clicked on

2023-09-10 22:58:44 - [MESSAGE][PASSED] - Object: 'Object Repository/Page_XYZ Bank/button_Deposit' is clicked on

2023-09-10 22:58:44 - [TEST_STEP][PASSED] - verifyElementPresent(findTestObject("Object Repository/Page_XYZ Bank/label_Amount to be Deposited"), 0): Object 'Object Repository/Page_XYZ Bank/label_Amount to be Deposited' is present

2023-09-10 22:58:44 - [MESSAGE][WARNING] - Timeout '0' is invalid. Using default page load timeout: '30'

2023-09-10 22:58:45 - [MESSAGE][PASSED] - Object 'Object Repository/Page_XYZ Bank/label_Amount to be Deposited' is present

2023-09-10 22:58:45 - [TEST_STEP][PASSED] - setText(findTestObject("Object Repository/Page_XYZ Bank/input_Amount to be Deposited_form-control n_97f4dd"), "25000"): Text '25000' is set on object 'Object Repository/Page_XYZ Bank/input_Amount to be Deposited_form-control n_97f4dd'

2023-09-10 22:58:46 - [MESSAGE][PASSED] - Text '25000' is set on object 'Object Repository/Page_XYZ Bank/input_Amount to be Deposited_form-control n_97f4dd'

2023-09-10 22:58:46 - [TEST_STEP][PASSED] - click(findTestObject("Object Repository/Page_XYZ Bank/button_Deposit_1")): Object: 'Object Repository/Page_XYZ Bank/button_Deposit_1' is clicked on

2023-09-10 22:58:47 - [MESSAGE][PASSED] - Object: 'Object Repository/Page_XYZ Bank/button_Deposit_1' is clicked on

2023-09-10 22:58:47 - [TEST_STEP][PASSED] - verifyElementPresent(findTestObject("Object Repository/Page_XYZ Bank/span_Deposit Successful"), 0): Object 'Object Repository/Page_XYZ Bank/span_Deposit Successful' is present

2023-09-10 22:58:47 - [MESSAGE][WARNING] - Timeout '0' is invalid. Using default page load timeout: '30'

2023-09-10 22:58:47 - [MESSAGE][PASSED] - Object 'Object Repository/Page_XYZ Bank/span_Deposit Successful' is present

2023-09-10 22:58:47 - [TEST_STEP][PASSED] - click(findTestObject("Object Repository/Page_XYZ Bank/button_Transactions")): Object: 'Object Repository/Page_XYZ Bank/button_Transactions' is clicked on

2023-09-10 22:58:47 - [MESSAGE][PASSED] - Object: 'Object Repository/Page_XYZ Bank/button_Transactions' is clicked on

2023-09-10 22:58:47 - [TEST_STEP][PASSED] - verifyElementText(findTestObject("Object Repository/Page_XYZ Bank/td_25000"), "25000"): Actual text and expected text of test object 'Object Repository/Page_XYZ Bank/td_25000' are matched.

2023-09-10 22:58:49 - [MESSAGE][PASSED] - Actual text and expected text of test object 'Object Repository/Page_XYZ Bank/td_25000' are matched.

2023-09-10 22:58:49 - [TEST_STEP][PASSED] - click(findTestObject("Object Repository/Page_XYZ Bank/td_Credit")): Object: 'Object Repository/Page_XYZ Bank/td_Credit' is clicked on

2023-09-10 22:58:49 - [MESSAGE][PASSED] - Object: 'Object Repository/Page_XYZ Bank/td_Credit' is clicked on

2023-09-10 22:58:49 - [TEST_STEP][PASSED] - verifyElementText(findTestObject("Object Repository/Page_XYZ Bank/td_Credit"), "Credit"): Actual text and expected text of test object 'Object Repository/Page_XYZ Bank/td_Credit' are matched.

2023-09-10 22:58:50 - [MESSAGE][PASSED] - Actual text and expected text of test object 'Object Repository/Page_XYZ Bank/td_Credit' are matched.

2023-09-10 22:58:50 - [TEST_STEP][PASSED] - click(findTestObject("Object Repository/Page_XYZ Bank/button_Back")): Object: 'Object Repository/Page_XYZ Bank/button_Back' is clicked on

2023-09-10 22:58:51 - [MESSAGE][PASSED] - Object: 'Object Repository/Page_XYZ Bank/button_Back' is clicked on

2023-09-10 22:58:51 - [TEST_STEP][PASSED] - click(findTestObject("Object Repository/Page_XYZ Bank/button_Withdrawl")): Object: 'Object Repository/Page_XYZ Bank/button_Withdrawl' is clicked on

2023-09-10 22:58:52 - [MESSAGE][PASSED] - Object: 'Object Repository/Page_XYZ Bank/button_Withdrawl' is clicked on

2023-09-10 22:58:52 - [TEST_STEP][PASSED] - setText(findTestObject("Object Repository/Page_XYZ Bank/input_Amount to be Deposited_form-control n_97f4dd"), "20000"): Text '20000' is set on object 'Object Repository/Page_XYZ Bank/input_Amount to be Deposited_form-control n_97f4dd'

2023-09-10 22:58:53 - [MESSAGE][PASSED] - Text '20000' is set on object 'Object Repository/Page_XYZ Bank/input_Amount to be Deposited_form-control n_97f4dd'

2023-09-10 22:58:53 - [TEST_STEP][PASSED] - click(findTestObject("Object Repository/Page_XYZ Bank/button_Withdraw")): Object: 'Object Repository/Page_XYZ Bank/button_Withdraw' is clicked on

2023-09-10 22:58:53 - [MESSAGE][PASSED] - Object: 'Object Repository/Page_XYZ Bank/button_Withdraw' is clicked on

2023-09-10 22:58:53 - [TEST_STEP][PASSED] - verifyElementPresent(findTestObject("Object Repository/Page_XYZ Bank/span_Transaction successful"), 0): Object 'Object Repository/Page_XYZ Bank/span_Transaction successful' is present

2023-09-10 22:58:53 - [MESSAGE][WARNING] - Timeout '0' is invalid. Using default page load timeout: '30'

2023-09-10 22:58:54 - [MESSAGE][PASSED] - Object 'Object Repository/Page_XYZ Bank/span_Transaction successful' is present

2023-09-10 22:58:54 - [TEST_STEP][PASSED] - click(findTestObject("Object Repository/Page_XYZ Bank/button_Transactions")): Object: 'Object Repository/Page_XYZ Bank/button_Transactions' is clicked on

2023-09-10 22:58:55 - [MESSAGE][PASSED] - Object: 'Object Repository/Page_XYZ Bank/button_Transactions' is clicked on

2023-09-10 22:58:55 - [TEST_STEP][PASSED] - verifyElementText(findTestObject("Object Repository/Page_XYZ Bank/td_20000"), "20000"): Actual text and expected text of test object 'Object Repository/Page_XYZ Bank/td_20000' are matched.

2023-09-10 22:58:55 - [MESSAGE][PASSED] - Actual text and expected text of test object 'Object Repository/Page_XYZ Bank/td_20000' are matched.

2023-09-10 22:58:55 - [TEST_STEP][PASSED] - verifyElementText(findTestObject("Object Repository/Page_XYZ Bank/td_Debit"), "Debit"): Actual text and expected text of test object 'Object Repository/Page_XYZ Bank/td_Debit' are matched.

2023-09-10 22:58:55 - [MESSAGE][PASSED] - Actual text and expected text of test object 'Object Repository/Page_XYZ Bank/td_Debit' are matched.

2023-09-10 22:58:55 - [TEST_STEP][PASSED] - click(findTestObject("Object Repository/Page_XYZ Bank/button_Back")): Object: 'Object Repository/Page_XYZ Bank/button_Back' is clicked on

2023-09-10 22:58:56 - [MESSAGE][PASSED] - Object: 'Object Repository/Page_XYZ Bank/button_Back' is clicked on

2023-09-10 22:58:56 - [TEST_STEP][PASSED] - verifyElementText(findTestObject("Object Repository/Page_XYZ Bank/strong_Welcome Ron Weasly"), "Welcome Ron Weasly !!"): Actual text and expected text of test object 'Object Repository/Page_XYZ Bank/strong_Welcome Ron Weasly' are matched.

2023-09-10 22:58:56 - [MESSAGE][PASSED] - Actual text and expected text of test object 'Object Repository/Page_XYZ Bank/strong_Welcome Ron Weasly' are matched.

2023-09-10 22:58:56 - [TEST_STEP][PASSED] - verifyElementText(findTestObject("Object Repository/Page_XYZ Bank/div_Account Number  1007 , Balance  5000 , _80e863"), "Account Number : 1007 , Balance : 5000 , Currency : Dollar"): Actual text and expected text of test object 'Object Repository/Page_XYZ Bank/div_Account Number  1007 , Balance  5000 , _80e863' are matched.

2023-09-10 22:58:57 - [MESSAGE][PASSED] - Actual text and expected text of test object 'Object Repository/Page_XYZ Bank/div_Account Number  1007 , Balance  5000 , _80e863' are matched.

2023-09-10 22:58:57 - [TEST_STEP][PASSED] - verifyElementText(findTestObject("Object Repository/Page_XYZ Bank/strong_5000"), "5000"): Actual text and expected text of test object 'Object Repository/Page_XYZ Bank/strong_5000' are matched.

2023-09-10 22:58:57 - [MESSAGE][PASSED] - Actual text and expected text of test object 'Object Repository/Page_XYZ Bank/strong_5000' are matched.

2023-09-10 22:58:57 - [TEST_STEP][PASSED] - click(findTestObject("Object Repository/Page_XYZ Bank/button_Transactions")): Object: 'Object Repository/Page_XYZ Bank/button_Transactions' is clicked on

2023-09-10 22:58:58 - [MESSAGE][PASSED] - Object: 'Object Repository/Page_XYZ Bank/button_Transactions' is clicked on

2023-09-10 22:58:58 - [TEST_STEP][PASSED] - verifyElementPresent(findTestObject("Object Repository/Page_XYZ Bank/button_Reset"), 0): Object 'Object Repository/Page_XYZ Bank/button_Reset' is present

2023-09-10 22:58:58 - [MESSAGE][WARNING] - Timeout '0' is invalid. Using default page load timeout: '30'

2023-09-10 22:58:58 - [MESSAGE][PASSED] - Object 'Object Repository/Page_XYZ Bank/button_Reset' is present

2023-09-10 22:58:58 - [TEST_STEP][PASSED] - click(findTestObject("Object Repository/Page_XYZ Bank/button_Reset")): Object: 'Object Repository/Page_XYZ Bank/button_Reset' is clicked on

2023-09-10 22:58:58 - [MESSAGE][PASSED] - Object: 'Object Repository/Page_XYZ Bank/button_Reset' is clicked on

2023-09-10 22:58:58 - [TEST_STEP][PASSED] - closeBrowser(): Browser is closed

2023-09-10 22:58:59 - [MESSAGE][PASSED] - Browser is closed]]></system-out>
         <system-err><![CDATA[]]></system-err>
      </testcase>
      <testcase name="Test Cases/User failed to withdraw due to insufficient deposit" time="20.71" classname="Test Cases/User failed to withdraw due to insufficient deposit" status="PASSED">
         <system-out><![CDATA[2023-09-10 22:58:59 - [TEST_CASE][PASSED] - Test Cases/User failed to withdraw due to insufficient deposit: Test Cases/User failed to withdraw due to insufficient deposit

2023-09-10 22:58:59 - [TEST_STEP][PASSED] - openBrowser(""): Browser is opened with url: ''

2023-09-10 22:58:59 - [MESSAGE][INFO] - Starting 'Chrome' driver

2023-09-10 22:58:59 - [MESSAGE][INFO] - Action delay is set to 0 milliseconds

2023-09-10 22:59:04 - [MESSAGE][PASSED] - Browser is opened with url: ''

2023-09-10 22:59:04 - [TEST_STEP][PASSED] - navigateToUrl("https://www.globalsqa.com/angularJs-protractor/BankingProject/#/login"): Navigate to 'https://www.globalsqa.com/angularJs-protractor/BankingProject/#/login' successfully

2023-09-10 22:59:06 - [MESSAGE][PASSED] - Navigate to 'https://www.globalsqa.com/angularJs-protractor/BankingProject/#/login' successfully

2023-09-10 22:59:06 - [TEST_STEP][PASSED] - click(findTestObject("Object Repository/Page_XYZ Bank/button_Customer Login")): Object: 'Object Repository/Page_XYZ Bank/button_Customer Login' is clicked on

2023-09-10 22:59:07 - [MESSAGE][PASSED] - Object: 'Object Repository/Page_XYZ Bank/button_Customer Login' is clicked on

2023-09-10 22:59:07 - [TEST_STEP][PASSED] - selectOptionByValue(findTestObject("Object Repository/Page_XYZ Bank/select_---Your Name---       Hermoine Grang_6e895b"), "3", true): All options with value '3' are selected in object 'Object Repository/Page_XYZ Bank/select_---Your Name---       Hermoine Grang_6e895b'  using regular expression

2023-09-10 22:59:09 - [MESSAGE][PASSED] - All options with value '3' are selected in object 'Object Repository/Page_XYZ Bank/select_---Your Name---       Hermoine Grang_6e895b'  using regular expression

2023-09-10 22:59:09 - [TEST_STEP][PASSED] - click(findTestObject("Object Repository/Page_XYZ Bank/button_Login")): Object: 'Object Repository/Page_XYZ Bank/button_Login' is clicked on

2023-09-10 22:59:09 - [MESSAGE][PASSED] - Object: 'Object Repository/Page_XYZ Bank/button_Login' is clicked on

2023-09-10 22:59:09 - [TEST_STEP][PASSED] - verifyElementPresent(findTestObject("Object Repository/Page_XYZ Bank/strong_Welcome Ron Weasly"), 0): Object 'Object Repository/Page_XYZ Bank/strong_Welcome Ron Weasly' is present

2023-09-10 22:59:10 - [MESSAGE][WARNING] - Timeout '0' is invalid. Using default page load timeout: '30'

2023-09-10 22:59:10 - [MESSAGE][PASSED] - Object 'Object Repository/Page_XYZ Bank/strong_Welcome Ron Weasly' is present

2023-09-10 22:59:10 - [TEST_STEP][PASSED] - verifyElementPresent(findTestObject("Object Repository/Page_XYZ Bank/span_Ron Weasly"), 0): Object 'Object Repository/Page_XYZ Bank/span_Ron Weasly' is present

2023-09-10 22:59:10 - [MESSAGE][WARNING] - Timeout '0' is invalid. Using default page load timeout: '30'

2023-09-10 22:59:11 - [MESSAGE][PASSED] - Object 'Object Repository/Page_XYZ Bank/span_Ron Weasly' is present

2023-09-10 22:59:11 - [TEST_STEP][PASSED] - verifyElementText(findTestObject("Object Repository/Page_XYZ Bank/strong_0"), "0"): Actual text and expected text of test object 'Object Repository/Page_XYZ Bank/strong_0' are matched.

2023-09-10 22:59:11 - [MESSAGE][PASSED] - Actual text and expected text of test object 'Object Repository/Page_XYZ Bank/strong_0' are matched.

2023-09-10 22:59:11 - [TEST_STEP][PASSED] - click(findTestObject("Object Repository/Page_XYZ Bank/button_Deposit")): Object: 'Object Repository/Page_XYZ Bank/button_Deposit' is clicked on

2023-09-10 22:59:11 - [MESSAGE][PASSED] - Object: 'Object Repository/Page_XYZ Bank/button_Deposit' is clicked on

2023-09-10 22:59:11 - [TEST_STEP][PASSED] - setText(findTestObject("Object Repository/Page_XYZ Bank/input_Amount to be Deposited_form-control n_97f4dd"), "100"): Text '100' is set on object 'Object Repository/Page_XYZ Bank/input_Amount to be Deposited_form-control n_97f4dd'

2023-09-10 22:59:13 - [MESSAGE][PASSED] - Text '100' is set on object 'Object Repository/Page_XYZ Bank/input_Amount to be Deposited_form-control n_97f4dd'

2023-09-10 22:59:13 - [TEST_STEP][PASSED] - click(findTestObject("Object Repository/Page_XYZ Bank/button_Deposit_1")): Object: 'Object Repository/Page_XYZ Bank/button_Deposit_1' is clicked on

2023-09-10 22:59:13 - [MESSAGE][PASSED] - Object: 'Object Repository/Page_XYZ Bank/button_Deposit_1' is clicked on

2023-09-10 22:59:13 - [TEST_STEP][PASSED] - verifyElementText(findTestObject("Object Repository/Page_XYZ Bank/span_Deposit Successful"), "Deposit Successful"): Actual text and expected text of test object 'Object Repository/Page_XYZ Bank/span_Deposit Successful' are matched.

2023-09-10 22:59:14 - [MESSAGE][PASSED] - Actual text and expected text of test object 'Object Repository/Page_XYZ Bank/span_Deposit Successful' are matched.

2023-09-10 22:59:14 - [TEST_STEP][PASSED] - click(findTestObject("Object Repository/Page_XYZ Bank/button_Withdrawl")): Object: 'Object Repository/Page_XYZ Bank/button_Withdrawl' is clicked on

2023-09-10 22:59:14 - [MESSAGE][PASSED] - Object: 'Object Repository/Page_XYZ Bank/button_Withdrawl' is clicked on

2023-09-10 22:59:14 - [TEST_STEP][PASSED] - setText(findTestObject("Object Repository/Page_XYZ Bank/input_Amount to be Deposited_form-control n_97f4dd"), "50000"): Text '50000' is set on object 'Object Repository/Page_XYZ Bank/input_Amount to be Deposited_form-control n_97f4dd'

2023-09-10 22:59:16 - [MESSAGE][PASSED] - Text '50000' is set on object 'Object Repository/Page_XYZ Bank/input_Amount to be Deposited_form-control n_97f4dd'

2023-09-10 22:59:16 - [TEST_STEP][PASSED] - click(findTestObject("Object Repository/Page_XYZ Bank/button_Withdraw")): Object: 'Object Repository/Page_XYZ Bank/button_Withdraw' is clicked on

2023-09-10 22:59:16 - [MESSAGE][PASSED] - Object: 'Object Repository/Page_XYZ Bank/button_Withdraw' is clicked on

2023-09-10 22:59:16 - [TEST_STEP][PASSED] - verifyElementText(findTestObject("Object Repository/Page_XYZ Bank/span_Transaction Failed. You can not withdr_4b9636"), "Transaction Failed. You can not withdraw amount more than the balance."): Actual text and expected text of test object 'Object Repository/Page_XYZ Bank/span_Transaction Failed. You can not withdr_4b9636' are matched.

2023-09-10 22:59:17 - [MESSAGE][PASSED] - Actual text and expected text of test object 'Object Repository/Page_XYZ Bank/span_Transaction Failed. You can not withdr_4b9636' are matched.

2023-09-10 22:59:17 - [TEST_STEP][PASSED] - click(findTestObject("Object Repository/Page_XYZ Bank/button_Transactions")): Object: 'Object Repository/Page_XYZ Bank/button_Transactions' is clicked on

2023-09-10 22:59:17 - [MESSAGE][PASSED] - Object: 'Object Repository/Page_XYZ Bank/button_Transactions' is clicked on

2023-09-10 22:59:17 - [TEST_STEP][PASSED] - verifyElementPresent(findTestObject("Object Repository/Page_XYZ Bank/button_Reset"), 0): Object 'Object Repository/Page_XYZ Bank/button_Reset' is present

2023-09-10 22:59:17 - [MESSAGE][WARNING] - Timeout '0' is invalid. Using default page load timeout: '30'

2023-09-10 22:59:19 - [MESSAGE][PASSED] - Object 'Object Repository/Page_XYZ Bank/button_Reset' is present

2023-09-10 22:59:19 - [TEST_STEP][PASSED] - click(findTestObject("Object Repository/Page_XYZ Bank/button_Reset")): Object: 'Object Repository/Page_XYZ Bank/button_Reset' is clicked on

2023-09-10 22:59:19 - [MESSAGE][PASSED] - Object: 'Object Repository/Page_XYZ Bank/button_Reset' is clicked on

2023-09-10 22:59:19 - [TEST_STEP][PASSED] - closeBrowser(): Browser is closed

2023-09-10 22:59:19 - [MESSAGE][PASSED] - Browser is closed]]></system-out>
         <system-err><![CDATA[]]></system-err>
      </testcase>
      <system-out><![CDATA[2023-09-10 22:58:13 - [TEST_SUITE][PASSED] - Smoke Test Web: Test Cases/User failed to withdraw due to insufficient deposit]]></system-out>
      <system-err><![CDATA[]]></system-err>
   </testsuite>
</testsuites>
